10:35:17.180 [main] INFO  testCases.TC_001_AccountRegistrationTest - Starting TC_001_AccountRegistrationTest...
10:35:17.259 [main] INFO  testCases.TC_001_AccountRegistrationTest - Clicked on Myaccout...
10:35:17.986 [main] INFO  testCases.TC_001_AccountRegistrationTest - Clicked on Register..
10:35:17.988 [main] INFO  testCases.TC_001_AccountRegistrationTest - Providing customer details..
10:35:30.535 [main] INFO  testCases.TC_001_AccountRegistrationTest - Starting TC_001_AccountRegistrationTest...
10:35:31.028 [main] INFO  testCases.TC_001_AccountRegistrationTest - Clicked on Myaccout...
10:36:03.487 [main] INFO  testCases.TC_001_AccountRegistrationTest - Starting TC_001_AccountRegistrationTest...
10:36:03.544 [main] INFO  testCases.TC_001_AccountRegistrationTest - Clicked on Myaccout...
10:36:04.358 [main] INFO  testCases.TC_001_AccountRegistrationTest - Clicked on Register..
10:36:04.359 [main] INFO  testCases.TC_001_AccountRegistrationTest - Providing customer details..
10:38:04.929 [main] INFO  testCases.TC_001_AccountRegistrationTest - Starting TC_001_AccountRegistrationTest...
10:38:04.984 [main] INFO  testCases.TC_001_AccountRegistrationTest - Clicked on Myaccout...
10:38:07.450 [main] INFO  testCases.TC_001_AccountRegistrationTest - Clicked on Register..
10:38:07.452 [main] INFO  testCases.TC_001_AccountRegistrationTest - Providing customer details..
10:38:27.638 [main] INFO  testCases.TC_001_AccountRegistrationTest - Starting TC_001_AccountRegistrationTest...
10:38:27.712 [main] INFO  testCases.TC_001_AccountRegistrationTest - Clicked on Myaccout...
10:38:28.480 [main] INFO  testCases.TC_001_AccountRegistrationTest - Clicked on Register..
10:38:28.485 [main] INFO  testCases.TC_001_AccountRegistrationTest - Providing customer details..
10:38:53.637 [main] INFO  testCases.TC_001_AccountRegistrationTest - Starting TC_001_AccountRegistrationTest...
10:38:53.709 [main] INFO  testCases.TC_001_AccountRegistrationTest - Clicked on Myaccout...
10:38:54.026 [main] INFO  testCases.TC_001_AccountRegistrationTest - Clicked on Register..
10:38:54.027 [main] INFO  testCases.TC_001_AccountRegistrationTest - Providing customer details..
10:56:40.092 [TestNG-tests-2] INFO  testCases.TC_001_AccountRegistrationTest - Starting TC_001_AccountRegistrationTest...
10:56:40.306 [TestNG-tests-1] INFO  testCases.TC_001_AccountRegistrationTest - Starting TC_001_AccountRegistrationTest...
10:56:40.824 [TestNG-tests-1] INFO  testCases.TC_001_AccountRegistrationTest - Clicked on Myaccout...
10:56:40.958 [TestNG-tests-2] INFO  testCases.TC_001_AccountRegistrationTest - Clicked on Myaccout...
10:57:27.336 [TestNG-tests-1] INFO  testCases.TC_001_AccountRegistrationTest - Starting TC_001_AccountRegistrationTest...
10:57:28.709 [TestNG-tests-1] INFO  testCases.TC_001_AccountRegistrationTest - Clicked on Myaccout...
10:57:36.536 [TestNG-tests-1] INFO  testCases.TC_001_AccountRegistrationTest - Clicked on Register..
10:57:36.540 [TestNG-tests-1] INFO  testCases.TC_001_AccountRegistrationTest - Providing customer details..
10:57:37.184 [TestNG-tests-2] INFO  testCases.TC_001_AccountRegistrationTest - Starting TC_001_AccountRegistrationTest...
10:57:56.959 [TestNG-tests-2] INFO  testCases.TC_001_AccountRegistrationTest - Clicked on Myaccout...
11:20:59.412 [main] INFO  testCases.TC_001_AccountRegistrationTest - Starting TC_001_AccountRegistrationTest...
11:20:59.532 [main] INFO  testCases.TC_001_AccountRegistrationTest - Clicked on Myaccout...
11:21:00.524 [main] INFO  testCases.TC_001_AccountRegistrationTest - Clicked on Register..
11:21:00.526 [main] INFO  testCases.TC_001_AccountRegistrationTest - Providing customer details..
11:21:22.177 [main] INFO  testCases.TC_001_AccountRegistrationTest - Starting TC_001_AccountRegistrationTest...
11:21:22.298 [main] INFO  testCases.TC_001_AccountRegistrationTest - Clicked on Myaccout...
11:21:22.713 [main] INFO  testCases.TC_001_AccountRegistrationTest - Clicked on Register..
11:21:22.715 [main] INFO  testCases.TC_001_AccountRegistrationTest - Providing customer details..
11:55:49.715 [main] INFO  testCases.TC_002_LoginTest - Starting TC_002_LoginTest
11:56:18.493 [main] INFO  testCases.TC_002_LoginTest - Starting TC_002_LoginTest
11:56:41.011 [main] INFO  testCases.TC_002_LoginTest - Starting TC_002_LoginTest
10:42:07.227 [main] INFO  testCases.TC_002_LoginTest - Starting TC_002_LoginTest
10:43:30.742 [main] INFO  testCases.TC_002_LoginTest - Starting TC_002_LoginTest
